<?xml version="1.0" encoding="UTF-8"?>
<testsuite xmlns:xsi="http://www.w3.org/2001/XMLSchema-instance" xsi:noNamespaceSchemaLocation="https://maven.apache.org/surefire/maven-surefire-plugin/xsd/surefire-test-report.xsd" name="laskin.ExtraTest" time="0.023" tests="5" errors="0" skipped="0" failures="0">
  <properties>
[...]
</properties>
  <testcase name="testNeliojuuri{int, double}[1]" classname="laskin.ExtraTest" time="0.004"/>
  <testcase name="testNeliojuuri{int, double}[2]" classname="laskin.ExtraTest" time="0.002"/>
  <testcase name="testNeliojuuri{int, double}[3]" classname="laskin.ExtraTest" time="0.003"/>
  <testcase name="testNeliojuuri{int, double}[4]" classname="laskin.ExtraTest" time="0.002"/>
  <testcase name="testNeliojuuriNegat" classname="laskin.ExtraTest" time="0.002"/>
</testsuite>